<?xml version="1.0" encoding="UTF-8"?>
<testng-results skipped="0" failed="0" ignored="0" total="2" passed="2">
  <reporter-output>
  </reporter-output>
  <suite name="Suite" duration-ms="79" started-at="2018-10-17T12:30:52Z" finished-at="2018-10-17T12:30:52Z">
    <groups>
    </groups>
    <test name="Test" duration-ms="79" started-at="2018-10-17T12:30:52Z" finished-at="2018-10-17T12:30:52Z">
      <class name="test.day1">
        <test-method status="PASS" signature="Demo()[pri:0, instance:test.day1@215be6bb]" name="Demo" duration-ms="16" started-at="2018-10-17T12:30:52Z" finished-at="2018-10-17T12:30:52Z">
          <reporter-output>
          </reporter-output>
        </test-method> <!-- Demo -->
        <test-method status="PASS" signature="secondTest()[pri:0, instance:test.day1@215be6bb]" name="secondTest" duration-ms="16" started-at="2018-10-17T12:30:52Z" finished-at="2018-10-17T12:30:52Z">
          <reporter-output>
          </reporter-output>
        </test-method> <!-- secondTest -->
      </class> <!-- test.day1 -->
    </test> <!-- Test -->
  </suite> <!-- Suite -->
</testng-results>
